16:58:22:680 [42552] | INFO  | Initializing crosire's ReShade version '6.3.3.164' (32-bit) loaded from 'D:\Mini World Lowe\Game\ReShade32.dll' into 'D:\Mini World Lowe\Game\Mini World Lowe.exe' (0xC1DB1FBB) ...
16:58:22:681 [42552] | INFO  | Registering hooks for 'user32.dll' ...
16:58:22:682 [42552] | INFO  | > Libraries loaded.
16:58:22:682 [42552] | INFO  | > Found 21 match(es). Installing ...
16:58:22:770 [42552] | INFO  | Registering hooks for 'C:\windows\system32\dinput.dll' ...
16:58:22:770 [42552] | INFO  | > Delayed.
16:58:22:770 [42552] | INFO  | Registering hooks for 'C:\windows\system32\dinput8.dll' ...
16:58:22:771 [42552] | INFO  | > Delayed.
16:58:22:771 [42552] | INFO  | Registering hooks for 'C:\windows\system32\d2d1.dll' ...
16:58:22:771 [42552] | INFO  | > Delayed.
16:58:22:772 [42552] | INFO  | Registering hooks for 'C:\windows\system32\d3d9.dll' ...
16:58:22:772 [42552] | INFO  | > Libraries loaded.
16:58:22:772 [42552] | INFO  | > Found 11 match(es). Installing ...
16:58:22:868 [42552] | INFO  | Registering hooks for 'C:\windows\system32\d3d10.dll' ...
16:58:22:870 [42552] | INFO  | > Delayed.
16:58:22:874 [42552] | INFO  | Registering hooks for 'C:\windows\system32\d3d10_1.dll' ...
16:58:22:875 [42552] | INFO  | > Delayed.
16:58:22:878 [42552] | INFO  | Registering hooks for 'C:\windows\system32\d3d11.dll' ...
16:58:22:882 [42552] | INFO  | > Libraries loaded.
16:58:22:882 [42552] | INFO  | > Found 3 match(es). Installing ...
16:58:22:969 [42552] | INFO  | Registering hooks for 'C:\windows\system32\d3d12.dll' ...
16:58:22:969 [42552] | INFO  | > Delayed.
16:58:22:970 [42552] | INFO  | Registering hooks for 'C:\windows\system32\dxgi.dll' ...
16:58:22:970 [42552] | INFO  | > Libraries loaded.
16:58:22:970 [42552] | INFO  | > Found 5 match(es). Installing ...
16:58:23:052 [42552] | INFO  | Registering hooks for 'C:\windows\system32\opengl32.dll' ...
16:58:23:052 [42552] | INFO  | > Libraries loaded.
16:58:23:053 [42552] | INFO  | > Found 360 match(es). Installing ...
16:58:23:145 [42552] | INFO  | Registering hooks for 'vrclient.dll' ...
16:58:23:145 [42552] | INFO  | > Delayed.
16:58:23:145 [42552] | INFO  | Initialized.
16:58:23:213 [42552] | INFO  | Redirecting CreateDXGIFactory1(riid = {7B7166EC-21C7-44AE-B21A-C9AE321AE369}, ppFactory = 53F33E74) ...
16:58:23:220 [42552] | INFO  | Redirecting D3D11CreateDevice(pAdapter = 0BDD7008, DriverType = 0, Software = 00000000, Flags = 0x20, pFeatureLevels = 04FAEC50, FeatureLevels = 4, SDKVersion = 7, ppDevice = 53F33E64, pFeatureLevel = 53D491F4, ppImmediateContext = 53F33E88) ...
16:58:23:220 [42552] | INFO  | > Passing on to D3D11CreateDeviceAndSwapChain:
16:58:23:221 [42552] | INFO  | Redirecting D3D11CreateDeviceAndSwapChain(pAdapter = 0BDD7008, DriverType = 0, Software = 00000000, Flags = 0x20, pFeatureLevels = 04FAEC50, FeatureLevels = 4, SDKVersion = 7, pSwapChainDesc = 00000000, ppSwapChain = 00000000, ppDevice = 53F33E64, pFeatureLevel = 53D491F4, ppImmediateContext = 53F33E88) ...
16:58:23:446 [42552] | INFO  | Using feature level b100.
16:58:23:447 [42552] | INFO  | Searching for add-ons (*.addon, *.addon32) in 'D:\Mini World Lowe\Game' ...
16:58:23:450 [42552] | INFO  | Redirecting CreateDXGIFactory1(riid = {7B7166EC-21C7-44AE-B21A-C9AE321AE369}, ppFactory = 00EEF0E8) ...
16:58:23:559 [42552] | INFO  | Redirecting CreateDXGIFactory1(riid = {7B7166EC-21C7-44AE-B21A-C9AE321AE369}, ppFactory = 00EEF464) ...
16:58:23:567 [42552] | INFO  | Redirecting IDXGIFactory2::CreateSwapChainForHwnd(this = 0BCDFEC8, pDevice = 0C0422F4, hWnd = 00B80AC0, pDesc = 00EEF470, pFullscreenDesc = 00EEF45C, pRestrictToOutput = 00000000, ppSwapChain = ) ...
16:58:23:568 [42552] | INFO  | > Dumping swap chain description:
16:58:23:568 [42552] | INFO  |   +-----------------------------------------+-----------------------------------------+
16:58:23:568 [42552] | INFO  |   | Parameter                               | Value                                   |
16:58:23:569 [42552] | INFO  |   +-----------------------------------------+-----------------------------------------+
16:58:23:569 [42552] | INFO  |   | Width                                   | 1280                                    |
16:58:23:569 [42552] | INFO  |   | Height                                  | 720                                     |
16:58:23:569 [42552] | INFO  |   | RefreshRate                             | 0                   1                   |
16:58:23:570 [42552] | INFO  |   | Format                                  | DXGI_FORMAT_R8G8B8A8_UNORM              |
16:58:23:570 [42552] | INFO  |   | Stereo                                  | FALSE                                   |
16:58:23:570 [42552] | INFO  |   | ScanlineOrdering                        | 0                                       |
16:58:23:570 [42552] | INFO  |   | Scaling                                 | 0                                       |
16:58:23:571 [42552] | INFO  |   | SampleCount                             | 1                                       |
16:58:23:571 [42552] | INFO  |   | SampleQuality                           | 0                                       |
16:58:23:571 [42552] | INFO  |   | BufferUsage                             | 0x30                                    |
16:58:23:571 [42552] | INFO  |   | BufferCount                             | 2                                       |
16:58:23:571 [42552] | INFO  |   | Windowed                                | TRUE                                    |
16:58:23:572 [42552] | INFO  |   | SwapEffect                              | 3                                       |
16:58:23:572 [42552] | INFO  |   | AlphaMode                               | 0                                       |
16:58:23:572 [42552] | INFO  |   | Flags                                   | 0x802                                   |
16:58:23:572 [42552] | INFO  |   +-----------------------------------------+-----------------------------------------+
16:58:23:586 [42552] | INFO  | Running on NVIDIA GeForce RTX 3080 Driver 528.49.
16:58:24:097 [42552] | INFO  | Recreated runtime environment on runtime 0C1CB8A0 ('D:\Mini World Lowe\Game\ReShade.ini').
16:58:24:313 [42552] | INFO  | Redirecting IDXGISwapChain::SetFullscreenState(this = 0147C498, Fullscreen = FALSE, pTarget = 00000000) ...
16:58:24:314 [42552] | INFO  | Redirecting IDXGISwapChain::ResizeBuffers(this = 0147C498, BufferCount = 2, Width = 1280, Height = 720, NewFormat = 28, SwapChainFlags = 0x802) ...
16:58:24:315 [42552] | INFO  | Destroyed runtime environment on runtime 0C1CB8A0 ('D:\Mini World Lowe\Game\ReShade.ini').
16:58:24:319 [42552] | INFO  | Recreated runtime environment on runtime 0C1CB8A0 ('D:\Mini World Lowe\Game\ReShade.ini').
16:58:24:831 [18356] | WARN  | Failed to resolve search path 'D:\Mini World Lowe\Game\reshade-shaders\Shaders' with error code 2.
16:58:39:416 [42552] | INFO  | Redirecting IDXGISwapChain::SetFullscreenState(this = 0147C498, Fullscreen = FALSE, pTarget = 00000000) ...
16:58:39:418 [42552] | INFO  | Destroyed runtime environment on runtime 0C1CB8A0 ('D:\Mini World Lowe\Game\ReShade.ini').
16:58:39:426 [42552] | WARN  | Reference count for ID3D11Device2 object 0C0422F4 (0C032DE4) is inconsistent (7).
16:58:39:740 [42552] | INFO  | Exiting ...
16:58:39:740 [42552] | INFO  | Uninstalling 407 hook(s) ...
16:58:40:823 [42552] | INFO  | Finished exiting.
